<?xml version="1.0" encoding="UTF-8"?>
<!-- Generated by org.testng.reporters.JUnitReportReporter -->
<testsuite hostname="Hanna-PC" name="com.firstMavenProject.firstMavenProject.test.regression.TestNavigateToShoppingWebsite" tests="1" failures="0" timestamp="27 May 2018 19:24:42 GMT" time="87.062" errors="0">
  <testcase name="testBuyMagicMouse" time="87.062" classname="com.firstMavenProject.firstMavenProject.test.regression.TestNavigateToShoppingWebsite"/>
</testsuite> <!-- com.firstMavenProject.firstMavenProject.test.regression.TestNavigateToShoppingWebsite -->
